<?xml version="1.0" encoding="UTF-8"?>
<!-- Generated by org.testng.reporters.JUnitReportReporter -->
<testsuite skipped="0" hostname="HomePC-HP" name="test.ListItemsTest" tests="3" failures="0" timestamp="16 Oct 2022 03:30:21 GMT" time="10.358" errors="0">
  <testcase name="validateAddCategoryItemIsVisibleOrNot" time="2.912" classname="test.ListItemsTest"/>
  <testcase name="validateCategoryCannotBeDuplicated" time="5.451" classname="test.ListItemsTest"/>
  <testcase name="validateMonthDropDownOptions" time="1.995" classname="test.ListItemsTest"/>
</testsuite> <!-- test.ListItemsTest -->
